<?xml version="1.0" encoding="UTF-8"?>
<!-- Generated by org.testng.reporters.JUnitXMLReporter -->
<testsuite ignored="8" hostname="Ivans-MacBook-Pro.local" failures="3" tests="14" name="001 Flight Purchase -&gt; From Jakarta to Yogyakarta -&gt; Switch     -&gt; Search -&gt; Short by Earliest Departure -&gt; Print Result -&gt; Select First Flight     -&gt; Skip Booking Summary -&gt; Fill in Contact and Travel Details -&gt; Continue" time="168.603" errors="0" timestamp="22 Aug 2018 21:56:31 GMT">
  <testcase classname="com.testing.traveloka.SplashScreen" name="ChooseCountryLanguage" time="7.098"/>
  <testcase classname="com.testing.traveloka.SplashScreen" name="SkipSplashScreen" time="11.342"/>
  <testcase classname="com.testing.traveloka.Home" name="ClickFlight" time="5.398"/>
  <testcase classname="com.testing.traveloka.flights.SearchFlights" name="SetOrigin" time="8.309"/>
  <testcase classname="com.testing.traveloka.flights.SearchFlights" name="SetDestination" time="8.991"/>
  <testcase classname="com.testing.traveloka.flights.SearchFlights" name="ReturnSwitch" time="1.102"/>
  <testcase classname="com.testing.traveloka.flights.SearchFlights" name="SearchFlights" time="1.849"/>
  <testcase classname="com.testing.traveloka.flights.SelectFlight" name="SortBy" time="4.742"/>
  <testcase classname="com.testing.traveloka.flights.SelectFlight" name="PrintFlight" time="1.698"/>
  <testcase classname="com.testing.traveloka.flights.SelectFlight" name="SelectFlight" time="0.306"/>
  <testcase classname="com.testing.traveloka.flights.BookingSummary" name="Select" time="30.479">
    <failure type="org.openqa.selenium.NoSuchElementException" message="An element could not be located on the page using the given search parameters.
For documentation on this error, please visit: http://seleniumhq.org/exceptions/no_such_element.html
Build info: version: &amp;apos;3.14.0&amp;apos;, revision: &amp;apos;aacccce0&amp;apos;, time: &amp;apos;2018-08-02T20:19:58.91Z&amp;apos;
System info: host: &amp;apos;Ivans-MacBook-Pro.local&amp;apos;, ip: &amp;apos;fe80:0:0:0:1c6b:9036:ed33:2707%en0&amp;apos;, os.name: &amp;apos;Mac OS X&amp;apos;, os.arch: &amp;apos;x86_64&amp;apos;, os.version: &amp;apos;10.12.6&amp;apos;, java.version: &amp;apos;9&amp;apos;
Driver info: io.appium.java_client.android.AndroidDriver
Capabilities {appActivity: com.traveloka.android.appen..., appPackage: com.traveloka.android, browserName: Android, databaseEnabled: false, desired: {appActivity: com.traveloka.android.appen..., appPackage: com.traveloka.android, browserName: Android, deviceName: TravelokaTest, platformName: android}, deviceManufacturer: Google, deviceModel: Android SDK built for x86, deviceName: emulator-5554, deviceScreenSize: 1080x1920, deviceUDID: emulator-5554, javascriptEnabled: true, locationContextEnabled: false, networkConnectionEnabled: true, platform: LINUX, platformName: Android, platformVersion: 7.1.1, takesScreenshot: true, warnings: {}, webStorageEnabled: false}
Session ID: 394fa098-c877-4f3a-9575-431219125dda
*** Element info: {Using=id, value=com.traveloka.android:id/button_select}">
        <![CDATA[org.openqa.selenium.NoSuchElementException: An element could not be located on the page using the given search parameters.
For documentation on this error, please visit: http://seleniumhq.org/exceptions/no_such_element.html
Build info: version: '3.14.0', revision: 'aacccce0', time: '2018-08-02T20:19:58.91Z'
System info: host: 'Ivans-MacBook-Pro.local', ip: 'fe80:0:0:0:1c6b:9036:ed33:2707%en0', os.name: 'Mac OS X', os.arch: 'x86_64', os.version: '10.12.6', java.version: '9'
Driver info: io.appium.java_client.android.AndroidDriver
Capabilities {appActivity: com.traveloka.android.appen..., appPackage: com.traveloka.android, browserName: Android, databaseEnabled: false, desired: {appActivity: com.traveloka.android.appen..., appPackage: com.traveloka.android, browserName: Android, deviceName: TravelokaTest, platformName: android}, deviceManufacturer: Google, deviceModel: Android SDK built for x86, deviceName: emulator-5554, deviceScreenSize: 1080x1920, deviceUDID: emulator-5554, javascriptEnabled: true, locationContextEnabled: false, networkConnectionEnabled: true, platform: LINUX, platformName: Android, platformVersion: 7.1.1, takesScreenshot: true, warnings: {}, webStorageEnabled: false}
Session ID: 394fa098-c877-4f3a-9575-431219125dda
*** Element info: {Using=id, value=com.traveloka.android:id/button_select}
at org.openqa.selenium.remote.http.W3CHttpResponseCodec.createException(W3CHttpResponseCodec.java:187)
at org.openqa.selenium.remote.http.W3CHttpResponseCodec.decode(W3CHttpResponseCodec.java:122)
at org.openqa.selenium.remote.http.W3CHttpResponseCodec.decode(W3CHttpResponseCodec.java:49)
at org.openqa.selenium.remote.HttpCommandExecutor.execute(HttpCommandExecutor.java:158)
at io.appium.java_client.remote.AppiumCommandExecutor.execute(AppiumCommandExecutor.java:231)
at org.openqa.selenium.remote.RemoteWebDriver.execute(RemoteWebDriver.java:548)
at io.appium.java_client.DefaultGenericMobileDriver.execute(DefaultGenericMobileDriver.java:42)
at io.appium.java_client.AppiumDriver.execute(AppiumDriver.java:1)
at io.appium.java_client.android.AndroidDriver.execute(AndroidDriver.java:1)
at org.openqa.selenium.remote.RemoteWebDriver.findElement(RemoteWebDriver.java:322)
at io.appium.java_client.DefaultGenericMobileDriver.findElement(DefaultGenericMobileDriver.java:62)
at io.appium.java_client.AppiumDriver.findElement(AppiumDriver.java:1)
at io.appium.java_client.android.AndroidDriver.findElement(AndroidDriver.java:1)
at org.openqa.selenium.remote.RemoteWebDriver.findElementById(RemoteWebDriver.java:368)
at io.appium.java_client.DefaultGenericMobileDriver.findElementById(DefaultGenericMobileDriver.java:70)
at io.appium.java_client.AppiumDriver.findElementById(AppiumDriver.java:1)
at io.appium.java_client.android.AndroidDriver.findElementById(AndroidDriver.java:1)
at org.openqa.selenium.By$ById.findElement(By.java:188)
at org.openqa.selenium.remote.RemoteWebDriver.findElement(RemoteWebDriver.java:314)
at io.appium.java_client.DefaultGenericMobileDriver.findElement(DefaultGenericMobileDriver.java:58)
at io.appium.java_client.AppiumDriver.findElement(AppiumDriver.java:1)
at io.appium.java_client.android.AndroidDriver.findElement(AndroidDriver.java:1)
at com.testing.Utility.findWebElement(Utility.java:209)
at com.testing.Utility.webElementUtility(Utility.java:183)
at com.testing.Utility.ClickElementById(Utility.java:54)
at com.testing.traveloka.flights.BookingSummary.Select(BookingSummary.java:23)
... Removed 28 stack frames]]>
    </failure>
  </testcase> <!-- Select -->
  <testcase classname="Book" name="FillInContactDetails" time="30.263">
    <failure type="org.openqa.selenium.NoSuchElementException" message="An element could not be located on the page using the given search parameters.
For documentation on this error, please visit: http://seleniumhq.org/exceptions/no_such_element.html
Build info: version: &amp;apos;3.14.0&amp;apos;, revision: &amp;apos;aacccce0&amp;apos;, time: &amp;apos;2018-08-02T20:19:58.91Z&amp;apos;
System info: host: &amp;apos;Ivans-MacBook-Pro.local&amp;apos;, ip: &amp;apos;fe80:0:0:0:1c6b:9036:ed33:2707%en0&amp;apos;, os.name: &amp;apos;Mac OS X&amp;apos;, os.arch: &amp;apos;x86_64&amp;apos;, os.version: &amp;apos;10.12.6&amp;apos;, java.version: &amp;apos;9&amp;apos;
Driver info: io.appium.java_client.android.AndroidDriver
Capabilities {appActivity: com.traveloka.android.appen..., appPackage: com.traveloka.android, browserName: Android, databaseEnabled: false, desired: {appActivity: com.traveloka.android.appen..., appPackage: com.traveloka.android, browserName: Android, deviceName: TravelokaTest, platformName: android}, deviceManufacturer: Google, deviceModel: Android SDK built for x86, deviceName: emulator-5554, deviceScreenSize: 1080x1920, deviceUDID: emulator-5554, javascriptEnabled: true, locationContextEnabled: false, networkConnectionEnabled: true, platform: LINUX, platformName: Android, platformVersion: 7.1.1, takesScreenshot: true, warnings: {}, webStorageEnabled: false}
Session ID: 394fa098-c877-4f3a-9575-431219125dda
*** Element info: {Using=xpath, value=//android.widget.TextView[@text=&amp;apos;Contact Details&amp;apos;]}">
      <![CDATA[org.openqa.selenium.NoSuchElementException: An element could not be located on the page using the given search parameters.
For documentation on this error, please visit: http://seleniumhq.org/exceptions/no_such_element.html
Build info: version: '3.14.0', revision: 'aacccce0', time: '2018-08-02T20:19:58.91Z'
System info: host: 'Ivans-MacBook-Pro.local', ip: 'fe80:0:0:0:1c6b:9036:ed33:2707%en0', os.name: 'Mac OS X', os.arch: 'x86_64', os.version: '10.12.6', java.version: '9'
Driver info: io.appium.java_client.android.AndroidDriver
Capabilities {appActivity: com.traveloka.android.appen..., appPackage: com.traveloka.android, browserName: Android, databaseEnabled: false, desired: {appActivity: com.traveloka.android.appen..., appPackage: com.traveloka.android, browserName: Android, deviceName: TravelokaTest, platformName: android}, deviceManufacturer: Google, deviceModel: Android SDK built for x86, deviceName: emulator-5554, deviceScreenSize: 1080x1920, deviceUDID: emulator-5554, javascriptEnabled: true, locationContextEnabled: false, networkConnectionEnabled: true, platform: LINUX, platformName: Android, platformVersion: 7.1.1, takesScreenshot: true, warnings: {}, webStorageEnabled: false}
Session ID: 394fa098-c877-4f3a-9575-431219125dda
*** Element info: {Using=xpath, value=//android.widget.TextView[@text='Contact Details']}
at org.openqa.selenium.remote.http.W3CHttpResponseCodec.createException(W3CHttpResponseCodec.java:187)
at org.openqa.selenium.remote.http.W3CHttpResponseCodec.decode(W3CHttpResponseCodec.java:122)
at org.openqa.selenium.remote.http.W3CHttpResponseCodec.decode(W3CHttpResponseCodec.java:49)
at org.openqa.selenium.remote.HttpCommandExecutor.execute(HttpCommandExecutor.java:158)
at io.appium.java_client.remote.AppiumCommandExecutor.execute(AppiumCommandExecutor.java:231)
at org.openqa.selenium.remote.RemoteWebDriver.execute(RemoteWebDriver.java:548)
at io.appium.java_client.DefaultGenericMobileDriver.execute(DefaultGenericMobileDriver.java:42)
at io.appium.java_client.AppiumDriver.execute(AppiumDriver.java:1)
at io.appium.java_client.android.AndroidDriver.execute(AndroidDriver.java:1)
at org.openqa.selenium.remote.RemoteWebDriver.findElement(RemoteWebDriver.java:322)
at io.appium.java_client.DefaultGenericMobileDriver.findElement(DefaultGenericMobileDriver.java:62)
at io.appium.java_client.AppiumDriver.findElement(AppiumDriver.java:1)
at io.appium.java_client.android.AndroidDriver.findElement(AndroidDriver.java:1)
at org.openqa.selenium.remote.RemoteWebDriver.findElementByXPath(RemoteWebDriver.java:424)
at io.appium.java_client.DefaultGenericMobileDriver.findElementByXPath(DefaultGenericMobileDriver.java:152)
at io.appium.java_client.AppiumDriver.findElementByXPath(AppiumDriver.java:1)
at io.appium.java_client.android.AndroidDriver.findElementByXPath(AndroidDriver.java:1)
at org.openqa.selenium.By$ByXPath.findElement(By.java:353)
at org.openqa.selenium.remote.RemoteWebDriver.findElement(RemoteWebDriver.java:314)
at io.appium.java_client.DefaultGenericMobileDriver.findElement(DefaultGenericMobileDriver.java:58)
at io.appium.java_client.AppiumDriver.findElement(AppiumDriver.java:1)
at io.appium.java_client.android.AndroidDriver.findElement(AndroidDriver.java:1)
at com.testing.Utility.findWebElement(Utility.java:205)
at com.testing.Utility.webElementUtility(Utility.java:183)
at com.testing.Utility.GetElementByText(Utility.java:100)
at Book.FillInContactDetails(Book.java:27)
... Removed 28 stack frames]]>
    </failure>
  </testcase> <!-- FillInContactDetails -->
  <testcase classname="Book" name="TravelDetails" time="32.956">
    <failure type="org.openqa.selenium.NoSuchElementException" message="An element could not be located on the page using the given search parameters.
For documentation on this error, please visit: http://seleniumhq.org/exceptions/no_such_element.html
Build info: version: &amp;apos;3.14.0&amp;apos;, revision: &amp;apos;aacccce0&amp;apos;, time: &amp;apos;2018-08-02T20:19:58.91Z&amp;apos;
System info: host: &amp;apos;Ivans-MacBook-Pro.local&amp;apos;, ip: &amp;apos;fe80:0:0:0:1c6b:9036:ed33:2707%en0&amp;apos;, os.name: &amp;apos;Mac OS X&amp;apos;, os.arch: &amp;apos;x86_64&amp;apos;, os.version: &amp;apos;10.12.6&amp;apos;, java.version: &amp;apos;9&amp;apos;
Driver info: io.appium.java_client.android.AndroidDriver
Capabilities {appActivity: com.traveloka.android.appen..., appPackage: com.traveloka.android, browserName: Android, databaseEnabled: false, desired: {appActivity: com.traveloka.android.appen..., appPackage: com.traveloka.android, browserName: Android, deviceName: TravelokaTest, platformName: android}, deviceManufacturer: Google, deviceModel: Android SDK built for x86, deviceName: emulator-5554, deviceScreenSize: 1080x1920, deviceUDID: emulator-5554, javascriptEnabled: true, locationContextEnabled: false, networkConnectionEnabled: true, platform: LINUX, platformName: Android, platformVersion: 7.1.1, takesScreenshot: true, warnings: {}, webStorageEnabled: false}
Session ID: 394fa098-c877-4f3a-9575-431219125dda
*** Element info: {Using=xpath, value=//android.widget.TextView[@text=&amp;apos;Contact Details&amp;apos;]}">
      <![CDATA[org.openqa.selenium.NoSuchElementException: An element could not be located on the page using the given search parameters.
For documentation on this error, please visit: http://seleniumhq.org/exceptions/no_such_element.html
Build info: version: '3.14.0', revision: 'aacccce0', time: '2018-08-02T20:19:58.91Z'
System info: host: 'Ivans-MacBook-Pro.local', ip: 'fe80:0:0:0:1c6b:9036:ed33:2707%en0', os.name: 'Mac OS X', os.arch: 'x86_64', os.version: '10.12.6', java.version: '9'
Driver info: io.appium.java_client.android.AndroidDriver
Capabilities {appActivity: com.traveloka.android.appen..., appPackage: com.traveloka.android, browserName: Android, databaseEnabled: false, desired: {appActivity: com.traveloka.android.appen..., appPackage: com.traveloka.android, browserName: Android, deviceName: TravelokaTest, platformName: android}, deviceManufacturer: Google, deviceModel: Android SDK built for x86, deviceName: emulator-5554, deviceScreenSize: 1080x1920, deviceUDID: emulator-5554, javascriptEnabled: true, locationContextEnabled: false, networkConnectionEnabled: true, platform: LINUX, platformName: Android, platformVersion: 7.1.1, takesScreenshot: true, warnings: {}, webStorageEnabled: false}
Session ID: 394fa098-c877-4f3a-9575-431219125dda
*** Element info: {Using=xpath, value=//android.widget.TextView[@text='Contact Details']}
at org.openqa.selenium.remote.http.W3CHttpResponseCodec.createException(W3CHttpResponseCodec.java:187)
at org.openqa.selenium.remote.http.W3CHttpResponseCodec.decode(W3CHttpResponseCodec.java:122)
at org.openqa.selenium.remote.http.W3CHttpResponseCodec.decode(W3CHttpResponseCodec.java:49)
at org.openqa.selenium.remote.HttpCommandExecutor.execute(HttpCommandExecutor.java:158)
at io.appium.java_client.remote.AppiumCommandExecutor.execute(AppiumCommandExecutor.java:231)
at org.openqa.selenium.remote.RemoteWebDriver.execute(RemoteWebDriver.java:548)
at io.appium.java_client.DefaultGenericMobileDriver.execute(DefaultGenericMobileDriver.java:42)
at io.appium.java_client.AppiumDriver.execute(AppiumDriver.java:1)
at io.appium.java_client.android.AndroidDriver.execute(AndroidDriver.java:1)
at org.openqa.selenium.remote.RemoteWebDriver.findElement(RemoteWebDriver.java:322)
at io.appium.java_client.DefaultGenericMobileDriver.findElement(DefaultGenericMobileDriver.java:62)
at io.appium.java_client.AppiumDriver.findElement(AppiumDriver.java:1)
at io.appium.java_client.android.AndroidDriver.findElement(AndroidDriver.java:1)
at org.openqa.selenium.remote.RemoteWebDriver.findElementByXPath(RemoteWebDriver.java:424)
at io.appium.java_client.DefaultGenericMobileDriver.findElementByXPath(DefaultGenericMobileDriver.java:152)
at io.appium.java_client.AppiumDriver.findElementByXPath(AppiumDriver.java:1)
at io.appium.java_client.android.AndroidDriver.findElementByXPath(AndroidDriver.java:1)
at org.openqa.selenium.By$ByXPath.findElement(By.java:353)
at org.openqa.selenium.remote.RemoteWebDriver.findElement(RemoteWebDriver.java:314)
at io.appium.java_client.DefaultGenericMobileDriver.findElement(DefaultGenericMobileDriver.java:58)
at io.appium.java_client.AppiumDriver.findElement(AppiumDriver.java:1)
at io.appium.java_client.android.AndroidDriver.findElement(AndroidDriver.java:1)
at com.testing.Utility.findWebElement(Utility.java:205)
at com.testing.Utility.webElementUtility(Utility.java:183)
at com.testing.Utility.GetElementByText(Utility.java:100)
at Book.TravelDetails(Book.java:59)
... Removed 28 stack frames]]>
    </failure>
  </testcase> <!-- TravelDetails -->
  <testcase classname="Book" name="Continue" time="0.0">
    <skipped/>
  </testcase> <!-- Continue -->
  <testcase classname="com.testing.traveloka.flights.SearchFlights" name="SetSeatClass" time="0.0">
    <ignored/>
  </testcase> <!-- SetSeatClass -->
  <testcase classname="com.testing.traveloka.flights.SearchFlights" name="SetDepartureDate" time="0.0">
    <ignored/>
  </testcase> <!-- SetDepartureDate -->
  <testcase classname="com.testing.traveloka.flights.SelectFlight" name="SetFilter" time="0.0">
    <ignored/>
  </testcase> <!-- SetFilter -->
  <testcase classname="com.testing.traveloka.flights.SearchFlights" name="SetReturnDate" time="0.0">
    <ignored/>
  </testcase> <!-- SetReturnDate -->
  <testcase classname="com.testing.traveloka.flights.SearchFlights" name="SetPassenger" time="0.0">
    <ignored/>
  </testcase> <!-- SetPassenger -->
  <testcase classname="com.testing.traveloka.flights.SearchFlights" name="SwapOriginAndDestination" time="0.0">
    <ignored/>
  </testcase> <!-- SwapOriginAndDestination -->
  <testcase classname="com.testing.traveloka.flights.BookingSummary" name="AddAirportTransport" time="0.0">
    <ignored/>
  </testcase> <!-- AddAirportTransport -->
  <testcase classname="com.testing.traveloka.flights.BookingSummary" name="AddHotel" time="0.0">
    <ignored/>
  </testcase> <!-- AddHotel -->
</testsuite> <!-- 001 Flight Purchase -> From Jakarta to Yogyakarta -> Switch     -> Search -> Short by Earliest Departure -> Print Result -> Select First Flight     -> Skip Booking Summary -> Fill in Contact and Travel Details -> Continue -->
