<?xml version="1.0" encoding="UTF-8"?>
<!-- Generated by org.testng.reporters.JUnitXMLReporter -->
<testsuite ignored="0" hostname="Ivans-MacBook-Pro.local" failures="1" tests="6" name="Print List of Flights from Jakarta to Yogyakarta" time="35.24" errors="0" timestamp="22 Aug 2018 12:30:23 GMT">
  <testcase classname="com.testing.traveloka.SplashScreen" name="ChooseCountryLanguage" time="6.728"/>
  <testcase classname="com.testing.traveloka.SplashScreen" name="SkipSplashScreen" time="11.597"/>
  <testcase classname="com.testing.traveloka.Home" name="ClickFlight" time="0.167"/>
  <testcase classname="com.testing.traveloka.flights.SearchFlights" name="SetOrigin" time="5.192"/>
  <testcase classname="com.testing.traveloka.flights.SearchFlights" name="SetDestination" time="10.576">
    <failure type="org.openqa.selenium.NoSuchElementException" message="An element could not be located on the page using the given search parameters. (WARNING: The server did not provide any stacktrace information)
Command duration or timeout: 0 milliseconds
For documentation on this error, please visit: http://seleniumhq.org/exceptions/no_such_element.html
Build info: version: &amp;apos;3.14.0&amp;apos;, revision: &amp;apos;aacccce0&amp;apos;, time: &amp;apos;2018-08-02T20:19:58.91Z&amp;apos;
System info: host: &amp;apos;Ivans-MacBook-Pro.local&amp;apos;, ip: &amp;apos;fe80:0:0:0:1c6b:9036:ed33:2707%en0&amp;apos;, os.name: &amp;apos;Mac OS X&amp;apos;, os.arch: &amp;apos;x86_64&amp;apos;, os.version: &amp;apos;10.12.6&amp;apos;, java.version: &amp;apos;9&amp;apos;
Driver info: io.appium.java_client.android.AndroidDriver
Capabilities {appActivity: com.traveloka.android.appen..., appPackage: com.traveloka.android, browserName: Android, databaseEnabled: false, desired: {appActivity: com.traveloka.android.appen..., appPackage: com.traveloka.android, browserName: Android, deviceName: TravelokaTest, platformName: Android}, deviceManufacturer: Google, deviceModel: Android SDK built for x86, deviceName: emulator-5554, deviceScreenSize: 1080x1920, deviceUDID: emulator-5554, javascriptEnabled: true, locationContextEnabled: false, networkConnectionEnabled: true, platform: LINUX, platformName: Android, platformVersion: 7.1.1, takesScreenshot: true, warnings: {}, webStorageEnabled: false}
Session ID: 6af221b5-b5cd-4942-8601-0d8f57233045
*** Element info: {Using=id, value=com.traveloka.android:id/text_view_tooltip_ok}">
        <![CDATA[org.openqa.selenium.NoSuchElementException: An element could not be located on the page using the given search parameters. (WARNING: The server did not provide any stacktrace information)
Command duration or timeout: 0 milliseconds
For documentation on this error, please visit: http://seleniumhq.org/exceptions/no_such_element.html
Build info: version: '3.14.0', revision: 'aacccce0', time: '2018-08-02T20:19:58.91Z'
System info: host: 'Ivans-MacBook-Pro.local', ip: 'fe80:0:0:0:1c6b:9036:ed33:2707%en0', os.name: 'Mac OS X', os.arch: 'x86_64', os.version: '10.12.6', java.version: '9'
Driver info: io.appium.java_client.android.AndroidDriver
Capabilities {appActivity: com.traveloka.android.appen..., appPackage: com.traveloka.android, browserName: Android, databaseEnabled: false, desired: {appActivity: com.traveloka.android.appen..., appPackage: com.traveloka.android, browserName: Android, deviceName: TravelokaTest, platformName: Android}, deviceManufacturer: Google, deviceModel: Android SDK built for x86, deviceName: emulator-5554, deviceScreenSize: 1080x1920, deviceUDID: emulator-5554, javascriptEnabled: true, locationContextEnabled: false, networkConnectionEnabled: true, platform: LINUX, platformName: Android, platformVersion: 7.1.1, takesScreenshot: true, warnings: {}, webStorageEnabled: false}
Session ID: 6af221b5-b5cd-4942-8601-0d8f57233045
*** Element info: {Using=id, value=com.traveloka.android:id/text_view_tooltip_ok}
at org.openqa.selenium.remote.ErrorHandler.createThrowable(ErrorHandler.java:214)
at org.openqa.selenium.remote.ErrorHandler.throwIfResponseFailed(ErrorHandler.java:166)
at org.openqa.selenium.remote.http.JsonHttpResponseCodec.reconstructValue(JsonHttpResponseCodec.java:40)
at org.openqa.selenium.remote.http.AbstractHttpResponseCodec.decode(AbstractHttpResponseCodec.java:80)
at org.openqa.selenium.remote.http.AbstractHttpResponseCodec.decode(AbstractHttpResponseCodec.java:44)
at org.openqa.selenium.remote.HttpCommandExecutor.execute(HttpCommandExecutor.java:158)
at io.appium.java_client.remote.AppiumCommandExecutor.execute(AppiumCommandExecutor.java:231)
at org.openqa.selenium.remote.RemoteWebDriver.execute(RemoteWebDriver.java:548)
at io.appium.java_client.DefaultGenericMobileDriver.execute(DefaultGenericMobileDriver.java:42)
at io.appium.java_client.AppiumDriver.execute(AppiumDriver.java:1)
at io.appium.java_client.android.AndroidDriver.execute(AndroidDriver.java:1)
at org.openqa.selenium.remote.RemoteWebDriver.findElement(RemoteWebDriver.java:322)
at io.appium.java_client.DefaultGenericMobileDriver.findElement(DefaultGenericMobileDriver.java:62)
at io.appium.java_client.AppiumDriver.findElement(AppiumDriver.java:1)
at io.appium.java_client.android.AndroidDriver.findElement(AndroidDriver.java:1)
at org.openqa.selenium.remote.RemoteWebDriver.findElementById(RemoteWebDriver.java:368)
at io.appium.java_client.DefaultGenericMobileDriver.findElementById(DefaultGenericMobileDriver.java:70)
at io.appium.java_client.AppiumDriver.findElementById(AppiumDriver.java:1)
at io.appium.java_client.android.AndroidDriver.findElementById(AndroidDriver.java:1)
at org.openqa.selenium.By$ById.findElement(By.java:188)
at org.openqa.selenium.remote.RemoteWebDriver.findElement(RemoteWebDriver.java:314)
at io.appium.java_client.DefaultGenericMobileDriver.findElement(DefaultGenericMobileDriver.java:58)
at io.appium.java_client.AppiumDriver.findElement(AppiumDriver.java:1)
at io.appium.java_client.android.AndroidDriver.findElement(AndroidDriver.java:1)
at com.testing.Utility.findWebElement(Utility.java:185)
at com.testing.Utility.webElementUtility(Utility.java:159)
at com.testing.Utility.ClickElementById(Utility.java:55)
at com.testing.traveloka.flights.SearchFlights.SetDestination(SearchFlights.java:51)
... Removed 28 stack frames]]>
    </failure>
  </testcase> <!-- SetDestination -->
  <testcase classname="com.testing.traveloka.flights.SearchFlights" name="SearchFlights" time="0.899"/>
</testsuite> <!-- Print List of flights from Jakarta to Yogyakarta -->
